2025-04-09 16:34:47,531 [Worker-6: Loading available Gradle versions] INFO  o.e.b.c.i.u.g.PublishedGradleVersions - Gradle version information cache is not available. Remote download required.
2025-04-09 16:36:21,730 [Worker-2: Building] INFO  o.e.m.c.i.l.LifecycleMappingFactory - Using org.eclipse.m2e.jdt.JarLifecycleMapping lifecycle mapping for MavenProject: AOP_2day:AOP_2day:0.0.1-SNAPSHOT @ /Users/sojeong0734/Desktop/SSAFY_SPRING/AOP_2일차/pom.xml.
2025-04-09 16:36:22,073 [Worker-2: Building] WARN  o.a.m.s.f.DefaultMavenResourcesFiltering - Using platform encoding (UTF-8 actually) to copy filtered resources, i.e. build is platform dependent!
2025-04-09 16:36:22,074 [Worker-2: Building] INFO  o.a.m.s.f.DefaultMavenResourcesFiltering - skip non existing resourceDirectory /Users/sojeong0734/Desktop/SSAFY_SPRING/AOP_2일차/src/main/resources
2025-04-09 16:36:22,076 [Worker-2: Building] WARN  o.a.m.s.f.DefaultMavenResourcesFiltering - Using platform encoding (UTF-8 actually) to copy filtered resources, i.e. build is platform dependent!
2025-04-09 16:36:22,076 [Worker-2: Building] INFO  o.a.m.s.f.DefaultMavenResourcesFiltering - skip non existing resourceDirectory /Users/sojeong0734/Desktop/SSAFY_SPRING/AOP_2일차/src/test/resources
2025-04-09 16:36:22,324 [Worker-7: Building] WARN  o.a.m.s.f.DefaultMavenResourcesFiltering - Using platform encoding (UTF-8 actually) to copy filtered resources, i.e. build is platform dependent!
2025-04-09 16:36:22,324 [Worker-7: Building] INFO  o.a.m.s.f.DefaultMavenResourcesFiltering - skip non existing resourceDirectory /Users/sojeong0734/Desktop/SSAFY_SPRING/AOP_2일차/src/main/resources
2025-04-09 16:36:22,326 [Worker-7: Building] WARN  o.a.m.s.f.DefaultMavenResourcesFiltering - Using platform encoding (UTF-8 actually) to copy filtered resources, i.e. build is platform dependent!
2025-04-09 16:36:22,326 [Worker-7: Building] INFO  o.a.m.s.f.DefaultMavenResourcesFiltering - skip non existing resourceDirectory /Users/sojeong0734/Desktop/SSAFY_SPRING/AOP_2일차/src/test/resources
2025-04-09 16:36:22,538 [Worker-7: Building] INFO  o.e.m.c.i.l.LifecycleMappingFactory - Using org.maven.ide.eclipse.wtp.WarLifecycleMapping lifecycle mapping for MavenProject: MVC_03day:MVC_03day:0.0.1-SNAPSHOT @ /Users/sojeong0734/Desktop/SSAFY_SPRING/MVC_03day1/pom.xml.
2025-04-09 16:36:22,558 [Worker-7: Building] WARN  o.e.m.c.i.embedder.EclipseLogger - The POM for jakarta.servlet.jsp.jstl:jakarta.servlet.jsp.jstl-api:jar:3.0.0-RC1 is missing, no dependency information available
2025-04-09 16:36:23,150 [Worker-7: Building] WARN  o.a.m.s.f.DefaultMavenResourcesFiltering - Using platform encoding (UTF-8 actually) to copy filtered resources, i.e. build is platform dependent!
2025-04-09 16:36:23,150 [Worker-7: Building] INFO  o.a.m.s.f.DefaultMavenResourcesFiltering - skip non existing resourceDirectory /Users/sojeong0734/Desktop/SSAFY_SPRING/MVC_03day1/src/main/resources
2025-04-09 16:36:23,152 [Worker-7: Building] WARN  o.a.m.s.f.DefaultMavenResourcesFiltering - Using platform encoding (UTF-8 actually) to copy filtered resources, i.e. build is platform dependent!
2025-04-09 16:36:23,153 [Worker-7: Building] INFO  o.a.m.s.f.DefaultMavenResourcesFiltering - skip non existing resourceDirectory /Users/sojeong0734/Desktop/SSAFY_SPRING/MVC_03day1/src/test/resources
2025-04-09 16:36:23,415 [Worker-11: Building] INFO  o.e.m.c.i.l.LifecycleMappingFactory - Using org.maven.ide.eclipse.wtp.WarLifecycleMapping lifecycle mapping for MavenProject: MVC_03day:MVC_03day:0.0.1-SNAPSHOT @ /Users/sojeong0734/Desktop/SSAFY_SPRING/MVC_03day2/pom.xml.
2025-04-09 16:36:23,433 [Worker-11: Building] WARN  o.e.m.c.i.embedder.EclipseLogger - The POM for jakarta.servlet.jsp.jstl:jakarta.servlet.jsp.jstl-api:jar:3.0.0-RC1 is missing, no dependency information available
2025-04-09 16:36:23,523 [Worker-11: Building] WARN  o.a.m.s.f.DefaultMavenResourcesFiltering - Using platform encoding (UTF-8 actually) to copy filtered resources, i.e. build is platform dependent!
2025-04-09 16:36:23,524 [Worker-11: Building] INFO  o.a.m.s.f.DefaultMavenResourcesFiltering - skip non existing resourceDirectory /Users/sojeong0734/Desktop/SSAFY_SPRING/MVC_03day2/src/main/resources
2025-04-09 16:36:23,525 [Worker-11: Building] WARN  o.a.m.s.f.DefaultMavenResourcesFiltering - Using platform encoding (UTF-8 actually) to copy filtered resources, i.e. build is platform dependent!
2025-04-09 16:36:23,525 [Worker-11: Building] INFO  o.a.m.s.f.DefaultMavenResourcesFiltering - skip non existing resourceDirectory /Users/sojeong0734/Desktop/SSAFY_SPRING/MVC_03day2/src/test/resources
2025-04-09 16:36:23,591 [Worker-11: Building] INFO  o.e.m.c.i.l.LifecycleMappingFactory - Using org.maven.ide.eclipse.wtp.WarLifecycleMapping lifecycle mapping for MavenProject: MVC_03day:MVC_03day:0.0.1-SNAPSHOT @ /Users/sojeong0734/Desktop/SSAFY_SPRING/MVC_03day3/pom.xml.
2025-04-09 16:36:23,601 [Worker-11: Building] WARN  o.e.m.c.i.embedder.EclipseLogger - The POM for jakarta.servlet.jsp.jstl:jakarta.servlet.jsp.jstl-api:jar:3.0.0-RC1 is missing, no dependency information available
2025-04-09 16:36:23,620 [Worker-11: Building] WARN  o.a.m.s.f.DefaultMavenResourcesFiltering - Using platform encoding (UTF-8 actually) to copy filtered resources, i.e. build is platform dependent!
2025-04-09 16:36:23,620 [Worker-11: Building] INFO  o.a.m.s.f.DefaultMavenResourcesFiltering - skip non existing resourceDirectory /Users/sojeong0734/Desktop/SSAFY_SPRING/MVC_03day3/src/main/resources
2025-04-09 16:36:23,621 [Worker-11: Building] WARN  o.a.m.s.f.DefaultMavenResourcesFiltering - Using platform encoding (UTF-8 actually) to copy filtered resources, i.e. build is platform dependent!
2025-04-09 16:36:23,622 [Worker-11: Building] INFO  o.a.m.s.f.DefaultMavenResourcesFiltering - skip non existing resourceDirectory /Users/sojeong0734/Desktop/SSAFY_SPRING/MVC_03day3/src/test/resources
2025-04-09 16:36:23,685 [Worker-11: Building] INFO  o.e.m.c.i.l.LifecycleMappingFactory - Using org.maven.ide.eclipse.wtp.WarLifecycleMapping lifecycle mapping for MavenProject: MVC_03day:MVC_03day:0.0.1-SNAPSHOT @ /Users/sojeong0734/Desktop/SSAFY_SPRING/MVC_03day4/pom.xml.
2025-04-09 16:36:23,694 [Worker-11: Building] WARN  o.e.m.c.i.embedder.EclipseLogger - The POM for jakarta.servlet.jsp.jstl:jakarta.servlet.jsp.jstl-api:jar:3.0.0-RC1 is missing, no dependency information available
2025-04-09 16:36:23,718 [Worker-11: Building] WARN  o.a.m.s.f.DefaultMavenResourcesFiltering - Using platform encoding (UTF-8 actually) to copy filtered resources, i.e. build is platform dependent!
2025-04-09 16:36:23,718 [Worker-11: Building] INFO  o.a.m.s.f.DefaultMavenResourcesFiltering - skip non existing resourceDirectory /Users/sojeong0734/Desktop/SSAFY_SPRING/MVC_03day4/src/main/resources
2025-04-09 16:36:23,720 [Worker-11: Building] WARN  o.a.m.s.f.DefaultMavenResourcesFiltering - Using platform encoding (UTF-8 actually) to copy filtered resources, i.e. build is platform dependent!
2025-04-09 16:36:23,720 [Worker-11: Building] INFO  o.a.m.s.f.DefaultMavenResourcesFiltering - skip non existing resourceDirectory /Users/sojeong0734/Desktop/SSAFY_SPRING/MVC_03day4/src/test/resources
2025-04-09 16:36:23,874 [Worker-11: Building] INFO  o.e.m.c.i.l.LifecycleMappingFactory - Using org.eclipse.m2e.jdt.JarLifecycleMapping lifecycle mapping for MavenProject: Spring_Day01_03_Annotation:Spring_Day01_03_Annotation:0.0.1-SNAPSHOT @ /Users/sojeong0734/Desktop/SSAFY_SPRING/Spring_Day01_02_Annotation/pom.xml.
2025-04-09 16:36:23,904 [Worker-11: Building] WARN  o.a.m.s.f.DefaultMavenResourcesFiltering - Using platform encoding (UTF-8 actually) to copy filtered resources, i.e. build is platform dependent!
2025-04-09 16:36:23,905 [Worker-11: Building] INFO  o.a.m.s.f.DefaultMavenResourcesFiltering - skip non existing resourceDirectory /Users/sojeong0734/Desktop/SSAFY_SPRING/Spring_Day01_02_Annotation/src/main/resources
2025-04-09 16:36:23,908 [Worker-11: Building] WARN  o.a.m.s.f.DefaultMavenResourcesFiltering - Using platform encoding (UTF-8 actually) to copy filtered resources, i.e. build is platform dependent!
2025-04-09 16:36:23,908 [Worker-11: Building] INFO  o.a.m.s.f.DefaultMavenResourcesFiltering - skip non existing resourceDirectory /Users/sojeong0734/Desktop/SSAFY_SPRING/Spring_Day01_02_Annotation/src/test/resources
2025-04-09 16:36:23,987 [Worker-11: Building] INFO  o.e.m.c.i.l.LifecycleMappingFactory - Using org.eclipse.m2e.jdt.JarLifecycleMapping lifecycle mapping for MavenProject: Spring_Day01_02_XML:Spring_Day01_02_XML:0.0.1-SNAPSHOT @ /Users/sojeong0734/Desktop/SSAFY_SPRING/Spring_Day01_02_XML/pom.xml.
2025-04-09 16:36:24,011 [Worker-11: Building] WARN  o.a.m.s.f.DefaultMavenResourcesFiltering - Using platform encoding (UTF-8 actually) to copy filtered resources, i.e. build is platform dependent!
2025-04-09 16:36:24,012 [Worker-11: Building] INFO  o.a.m.s.f.DefaultMavenResourcesFiltering - skip non existing resourceDirectory /Users/sojeong0734/Desktop/SSAFY_SPRING/Spring_Day01_02_XML/src/main/resources
2025-04-09 16:36:24,013 [Worker-11: Building] WARN  o.a.m.s.f.DefaultMavenResourcesFiltering - Using platform encoding (UTF-8 actually) to copy filtered resources, i.e. build is platform dependent!
2025-04-09 16:36:24,013 [Worker-11: Building] INFO  o.a.m.s.f.DefaultMavenResourcesFiltering - skip non existing resourceDirectory /Users/sojeong0734/Desktop/SSAFY_SPRING/Spring_Day01_02_XML/src/test/resources
2025-04-09 16:36:24,083 [Worker-11: Building] INFO  o.e.m.c.i.l.LifecycleMappingFactory - Using org.eclipse.m2e.jdt.JarLifecycleMapping lifecycle mapping for MavenProject: Spring_Day02_AOP_02_XML:Spring_Day02_AOP_02_XML:0.0.1-SNAPSHOT @ /Users/sojeong0734/Desktop/SSAFY_SPRING/Spring_Day02_AOP_02_XML/pom.xml.
2025-04-09 16:36:24,114 [Worker-11: Building] WARN  o.a.m.s.f.DefaultMavenResourcesFiltering - Using platform encoding (UTF-8 actually) to copy filtered resources, i.e. build is platform dependent!
2025-04-09 16:36:24,115 [Worker-11: Building] INFO  o.a.m.s.f.DefaultMavenResourcesFiltering - skip non existing resourceDirectory /Users/sojeong0734/Desktop/SSAFY_SPRING/Spring_Day02_AOP_02_XML/src/main/resources
2025-04-09 16:36:24,116 [Worker-11: Building] WARN  o.a.m.s.f.DefaultMavenResourcesFiltering - Using platform encoding (UTF-8 actually) to copy filtered resources, i.e. build is platform dependent!
2025-04-09 16:36:24,116 [Worker-11: Building] INFO  o.a.m.s.f.DefaultMavenResourcesFiltering - skip non existing resourceDirectory /Users/sojeong0734/Desktop/SSAFY_SPRING/Spring_Day02_AOP_02_XML/src/test/resources
2025-04-09 16:36:24,159 [Worker-11: Building] INFO  o.e.m.c.i.l.LifecycleMappingFactory - Using org.eclipse.m2e.jdt.JarLifecycleMapping lifecycle mapping for MavenProject: Spring_Day02_AOP_02_XML:Spring_Day02_AOP_02_XML:0.0.1-SNAPSHOT @ /Users/sojeong0734/Desktop/SSAFY_SPRING/Spring_Day02_AOP_03_Annotation/pom.xml.
2025-04-09 16:36:24,184 [Worker-11: Building] WARN  o.a.m.s.f.DefaultMavenResourcesFiltering - Using platform encoding (UTF-8 actually) to copy filtered resources, i.e. build is platform dependent!
2025-04-09 16:36:24,185 [Worker-11: Building] INFO  o.a.m.s.f.DefaultMavenResourcesFiltering - skip non existing resourceDirectory /Users/sojeong0734/Desktop/SSAFY_SPRING/Spring_Day02_AOP_03_Annotation/src/main/resources
2025-04-09 16:36:24,186 [Worker-11: Building] WARN  o.a.m.s.f.DefaultMavenResourcesFiltering - Using platform encoding (UTF-8 actually) to copy filtered resources, i.e. build is platform dependent!
2025-04-09 16:36:24,186 [Worker-11: Building] INFO  o.a.m.s.f.DefaultMavenResourcesFiltering - skip non existing resourceDirectory /Users/sojeong0734/Desktop/SSAFY_SPRING/Spring_Day02_AOP_03_Annotation/src/test/resources
2025-04-09 16:36:24,247 [Worker-11: Building] INFO  o.e.m.c.i.l.LifecycleMappingFactory - Using org.maven.ide.eclipse.wtp.WarLifecycleMapping lifecycle mapping for MavenProject: Spring_Day03_Web_MVC:Spring_Day03_Web_MVC:0.0.1-SNAPSHOT @ /Users/sojeong0734/Desktop/SSAFY_SPRING/Spring_Day03_Web_MVC/pom.xml.
2025-04-09 16:36:24,365 [Worker-11: Building] WARN  o.a.m.s.f.DefaultMavenResourcesFiltering - Using platform encoding (UTF-8 actually) to copy filtered resources, i.e. build is platform dependent!
2025-04-09 16:36:24,366 [Worker-11: Building] INFO  o.a.m.s.f.DefaultMavenResourcesFiltering - skip non existing resourceDirectory /Users/sojeong0734/Desktop/SSAFY_SPRING/Spring_Day03_Web_MVC/src/main/resources
2025-04-09 16:36:24,367 [Worker-11: Building] WARN  o.a.m.s.f.DefaultMavenResourcesFiltering - Using platform encoding (UTF-8 actually) to copy filtered resources, i.e. build is platform dependent!
2025-04-09 16:36:24,367 [Worker-11: Building] INFO  o.a.m.s.f.DefaultMavenResourcesFiltering - skip non existing resourceDirectory /Users/sojeong0734/Desktop/SSAFY_SPRING/Spring_Day03_Web_MVC/src/test/resources
2025-04-09 16:36:24,705 [Worker-6: Building] WARN  o.a.m.s.f.DefaultMavenResourcesFiltering - Using platform encoding (UTF-8 actually) to copy filtered resources, i.e. build is platform dependent!
2025-04-09 16:36:24,705 [Worker-6: Building] INFO  o.a.m.s.f.DefaultMavenResourcesFiltering - skip non existing resourceDirectory /Users/sojeong0734/Desktop/SSAFY_SPRING/Spring_Day01_02_Annotation/src/main/resources
2025-04-09 16:36:24,706 [Worker-6: Building] WARN  o.a.m.s.f.DefaultMavenResourcesFiltering - Using platform encoding (UTF-8 actually) to copy filtered resources, i.e. build is platform dependent!
2025-04-09 16:36:24,707 [Worker-6: Building] INFO  o.a.m.s.f.DefaultMavenResourcesFiltering - skip non existing resourceDirectory /Users/sojeong0734/Desktop/SSAFY_SPRING/Spring_Day01_02_Annotation/src/test/resources
2025-04-09 16:36:24,740 [Worker-6: Building] WARN  o.a.m.s.f.DefaultMavenResourcesFiltering - Using platform encoding (UTF-8 actually) to copy filtered resources, i.e. build is platform dependent!
2025-04-09 16:36:24,741 [Worker-6: Building] INFO  o.a.m.s.f.DefaultMavenResourcesFiltering - skip non existing resourceDirectory /Users/sojeong0734/Desktop/SSAFY_SPRING/Spring_Day01_02_XML/src/main/resources
2025-04-09 16:36:24,744 [Worker-6: Building] WARN  o.a.m.s.f.DefaultMavenResourcesFiltering - Using platform encoding (UTF-8 actually) to copy filtered resources, i.e. build is platform dependent!
2025-04-09 16:36:24,745 [Worker-6: Building] INFO  o.a.m.s.f.DefaultMavenResourcesFiltering - skip non existing resourceDirectory /Users/sojeong0734/Desktop/SSAFY_SPRING/Spring_Day01_02_XML/src/test/resources
2025-04-09 16:36:24,822 [Worker-6: Building] WARN  o.a.m.s.f.DefaultMavenResourcesFiltering - Using platform encoding (UTF-8 actually) to copy filtered resources, i.e. build is platform dependent!
2025-04-09 16:36:24,823 [Worker-6: Building] INFO  o.a.m.s.f.DefaultMavenResourcesFiltering - skip non existing resourceDirectory /Users/sojeong0734/Desktop/SSAFY_SPRING/Spring_Day02_AOP_02_XML/src/main/resources
2025-04-09 16:36:24,824 [Worker-6: Building] WARN  o.a.m.s.f.DefaultMavenResourcesFiltering - Using platform encoding (UTF-8 actually) to copy filtered resources, i.e. build is platform dependent!
2025-04-09 16:36:24,824 [Worker-6: Building] INFO  o.a.m.s.f.DefaultMavenResourcesFiltering - skip non existing resourceDirectory /Users/sojeong0734/Desktop/SSAFY_SPRING/Spring_Day02_AOP_02_XML/src/test/resources
2025-04-09 16:36:24,863 [Worker-6: Building] WARN  o.a.m.s.f.DefaultMavenResourcesFiltering - Using platform encoding (UTF-8 actually) to copy filtered resources, i.e. build is platform dependent!
2025-04-09 16:36:24,864 [Worker-6: Building] INFO  o.a.m.s.f.DefaultMavenResourcesFiltering - skip non existing resourceDirectory /Users/sojeong0734/Desktop/SSAFY_SPRING/Spring_Day02_AOP_03_Annotation/src/main/resources
2025-04-09 16:36:24,865 [Worker-6: Building] WARN  o.a.m.s.f.DefaultMavenResourcesFiltering - Using platform encoding (UTF-8 actually) to copy filtered resources, i.e. build is platform dependent!
2025-04-09 16:36:24,865 [Worker-6: Building] INFO  o.a.m.s.f.DefaultMavenResourcesFiltering - skip non existing resourceDirectory /Users/sojeong0734/Desktop/SSAFY_SPRING/Spring_Day02_AOP_03_Annotation/src/test/resources
2025-04-09 16:36:25,078 [Worker-6: Building] INFO  o.e.m.c.i.l.LifecycleMappingFactory - Using org.eclipse.m2e.jdt.JarLifecycleMapping lifecycle mapping for MavenProject: spring_hw_01_2_P:spring_hw_01_2_P:0.0.1-SNAPSHOT @ /Users/sojeong0734/Desktop/SSAFY_SPRING/spring_hw_01_2-master/spring_hw_01_2-master/pom.xml.
2025-04-09 16:36:25,117 [Worker-6: Building] WARN  o.a.m.s.f.DefaultMavenResourcesFiltering - Using platform encoding (UTF-8 actually) to copy filtered resources, i.e. build is platform dependent!
2025-04-09 16:36:25,118 [Worker-6: Building] INFO  o.a.m.s.f.DefaultMavenResourcesFiltering - skip non existing resourceDirectory /Users/sojeong0734/Desktop/SSAFY_SPRING/spring_hw_01_2-master/spring_hw_01_2-master/src/main/resources
2025-04-09 16:36:25,121 [Worker-6: Building] WARN  o.a.m.s.f.DefaultMavenResourcesFiltering - Using platform encoding (UTF-8 actually) to copy filtered resources, i.e. build is platform dependent!
2025-04-09 16:36:25,125 [Worker-6: Building] INFO  o.a.m.s.f.DefaultMavenResourcesFiltering - skip non existing resourceDirectory /Users/sojeong0734/Desktop/SSAFY_SPRING/spring_hw_01_2-master/spring_hw_01_2-master/src/test/resources
2025-04-09 16:36:25,388 [Worker-16: Building] WARN  o.a.m.s.f.DefaultMavenResourcesFiltering - Using platform encoding (UTF-8 actually) to copy filtered resources, i.e. build is platform dependent!
2025-04-09 16:36:25,389 [Worker-16: Building] INFO  o.a.m.s.f.DefaultMavenResourcesFiltering - skip non existing resourceDirectory /Users/sojeong0734/Desktop/SSAFY_SPRING/spring_hw_01_2-master/spring_hw_01_2-master/src/main/resources
2025-04-09 16:36:25,390 [Worker-16: Building] WARN  o.a.m.s.f.DefaultMavenResourcesFiltering - Using platform encoding (UTF-8 actually) to copy filtered resources, i.e. build is platform dependent!
2025-04-09 16:36:25,391 [Worker-16: Building] INFO  o.a.m.s.f.DefaultMavenResourcesFiltering - skip non existing resourceDirectory /Users/sojeong0734/Desktop/SSAFY_SPRING/spring_hw_01_2-master/spring_hw_01_2-master/src/test/resources
2025-04-09 16:36:25,439 [Worker-16: Building] INFO  o.e.m.c.i.l.LifecycleMappingFactory - Using org.eclipse.m2e.jdt.JarLifecycleMapping lifecycle mapping for MavenProject: spring_hw_02_2_P:spring_hw_02_2_P:0.0.1-SNAPSHOT @ /Users/sojeong0734/Desktop/SSAFY_SPRING/spring_hw_02_2-master/pom.xml.
2025-04-09 16:36:25,478 [Worker-16: Building] WARN  o.a.m.s.f.DefaultMavenResourcesFiltering - Using platform encoding (UTF-8 actually) to copy filtered resources, i.e. build is platform dependent!
2025-04-09 16:36:25,490 [Worker-16: Building] INFO  o.a.m.s.f.DefaultMavenResourcesFiltering - Copying 1 resource from src/main/resources to target/classes
2025-04-09 16:36:25,503 [Worker-16: Building] WARN  o.a.m.s.f.DefaultMavenResourcesFiltering - Using platform encoding (UTF-8 actually) to copy filtered resources, i.e. build is platform dependent!
2025-04-09 16:36:25,503 [Worker-16: Building] INFO  o.a.m.s.f.DefaultMavenResourcesFiltering - skip non existing resourceDirectory /Users/sojeong0734/Desktop/SSAFY_SPRING/spring_hw_02_2-master/src/test/resources
2025-04-09 16:36:25,654 [Worker-22: Building] WARN  o.a.m.s.f.DefaultMavenResourcesFiltering - Using platform encoding (UTF-8 actually) to copy filtered resources, i.e. build is platform dependent!
2025-04-09 16:36:25,655 [Worker-22: Building] INFO  o.a.m.s.f.DefaultMavenResourcesFiltering - Copying 1 resource from src/main/resources to target/classes
2025-04-09 16:36:25,657 [Worker-22: Building] WARN  o.a.m.s.f.DefaultMavenResourcesFiltering - Using platform encoding (UTF-8 actually) to copy filtered resources, i.e. build is platform dependent!
2025-04-09 16:36:25,657 [Worker-22: Building] INFO  o.a.m.s.f.DefaultMavenResourcesFiltering - skip non existing resourceDirectory /Users/sojeong0734/Desktop/SSAFY_SPRING/spring_hw_02_2-master/src/test/resources
2025-04-09 16:36:25,689 [Worker-22: Building] INFO  o.e.m.c.i.l.LifecycleMappingFactory - Using org.eclipse.m2e.jdt.JarLifecycleMapping lifecycle mapping for MavenProject: spring_ws_01_1_P:spring_ws_01_1_P:0.0.1-SNAPSHOT @ /Users/sojeong0734/Desktop/SSAFY_SPRING/spring_ws_01_1-master/pom.xml.
2025-04-09 16:36:25,709 [Worker-22: Building] WARN  o.a.m.s.f.DefaultMavenResourcesFiltering - Using platform encoding (UTF-8 actually) to copy filtered resources, i.e. build is platform dependent!
2025-04-09 16:36:25,709 [Worker-22: Building] INFO  o.a.m.s.f.DefaultMavenResourcesFiltering - skip non existing resourceDirectory /Users/sojeong0734/Desktop/SSAFY_SPRING/spring_ws_01_1-master/src/main/resources
2025-04-09 16:36:25,710 [Worker-22: Building] WARN  o.a.m.s.f.DefaultMavenResourcesFiltering - Using platform encoding (UTF-8 actually) to copy filtered resources, i.e. build is platform dependent!
2025-04-09 16:36:25,714 [Worker-22: Building] INFO  o.a.m.s.f.DefaultMavenResourcesFiltering - skip non existing resourceDirectory /Users/sojeong0734/Desktop/SSAFY_SPRING/spring_ws_01_1-master/src/test/resources
2025-04-09 16:59:20,080 [Worker-9: Loading available Gradle versions] INFO  o.e.b.c.i.u.g.PublishedGradleVersions - Gradle version information cache is up-to-date. Trying to read.
2025-04-09 16:59:21,404 [Worker-8: Building] WARN  o.a.m.s.f.DefaultMavenResourcesFiltering - Using platform encoding (UTF-8 actually) to copy filtered resources, i.e. build is platform dependent!
2025-04-09 16:59:21,405 [Worker-8: Building] INFO  o.a.m.s.f.DefaultMavenResourcesFiltering - skip non existing resourceDirectory /Users/sojeong0734/Desktop/SSAFY_SPRING/spring_hw_01_2-master/spring_hw_01_2-master/src/main/resources
2025-04-09 16:59:21,409 [Worker-8: Building] WARN  o.a.m.s.f.DefaultMavenResourcesFiltering - Using platform encoding (UTF-8 actually) to copy filtered resources, i.e. build is platform dependent!
2025-04-09 16:59:21,409 [Worker-8: Building] INFO  o.a.m.s.f.DefaultMavenResourcesFiltering - skip non existing resourceDirectory /Users/sojeong0734/Desktop/SSAFY_SPRING/spring_hw_01_2-master/spring_hw_01_2-master/src/test/resources
2025-04-09 16:59:21,912 [Worker-17: Building] WARN  o.a.m.s.f.DefaultMavenResourcesFiltering - Using platform encoding (UTF-8 actually) to copy filtered resources, i.e. build is platform dependent!
2025-04-09 16:59:21,915 [Worker-17: Building] INFO  o.a.m.s.f.DefaultMavenResourcesFiltering - Copying 1 resource from src/main/resources to target/classes
2025-04-09 16:59:21,922 [Worker-17: Building] WARN  o.a.m.s.f.DefaultMavenResourcesFiltering - Using platform encoding (UTF-8 actually) to copy filtered resources, i.e. build is platform dependent!
2025-04-09 16:59:21,922 [Worker-17: Building] INFO  o.a.m.s.f.DefaultMavenResourcesFiltering - skip non existing resourceDirectory /Users/sojeong0734/Desktop/SSAFY_SPRING/spring_hw_02_2-master/src/test/resources
2025-04-09 16:59:22,372 [Worker-17: Building] INFO  o.e.m.c.i.l.LifecycleMappingFactory - Using org.eclipse.m2e.jdt.JarLifecycleMapping lifecycle mapping for MavenProject: spring_ws_01_1_P:spring_ws_01_1_P:0.0.1-SNAPSHOT @ /Users/sojeong0734/Desktop/SSAFY_SPRING/spring_ws_01_1-master/pom.xml.
2025-04-09 16:59:22,427 [Worker-17: Building] WARN  o.a.m.s.f.DefaultMavenResourcesFiltering - Using platform encoding (UTF-8 actually) to copy filtered resources, i.e. build is platform dependent!
2025-04-09 16:59:22,428 [Worker-17: Building] INFO  o.a.m.s.f.DefaultMavenResourcesFiltering - skip non existing resourceDirectory /Users/sojeong0734/Desktop/SSAFY_SPRING/spring_ws_01_1-master/src/main/resources
2025-04-09 16:59:22,429 [Worker-17: Building] WARN  o.a.m.s.f.DefaultMavenResourcesFiltering - Using platform encoding (UTF-8 actually) to copy filtered resources, i.e. build is platform dependent!
2025-04-09 16:59:22,429 [Worker-17: Building] INFO  o.a.m.s.f.DefaultMavenResourcesFiltering - skip non existing resourceDirectory /Users/sojeong0734/Desktop/SSAFY_SPRING/spring_ws_01_1-master/src/test/resources
2025-04-09 16:59:22,493 [Worker-17: Building] INFO  o.e.m.c.i.l.LifecycleMappingFactory - Using org.eclipse.m2e.jdt.JarLifecycleMapping lifecycle mapping for MavenProject: spring_ws_01_2_P:spring_ws_01_2_P:0.0.1-SNAPSHOT @ /Users/sojeong0734/Desktop/SSAFY_SPRING/spring_ws_01_2-master/pom.xml.
2025-04-09 16:59:22,516 [Worker-17: Building] WARN  o.a.m.s.f.DefaultMavenResourcesFiltering - Using platform encoding (UTF-8 actually) to copy filtered resources, i.e. build is platform dependent!
2025-04-09 16:59:22,516 [Worker-17: Building] INFO  o.a.m.s.f.DefaultMavenResourcesFiltering - skip non existing resourceDirectory /Users/sojeong0734/Desktop/SSAFY_SPRING/spring_ws_01_2-master/src/main/resources
2025-04-09 16:59:22,518 [Worker-17: Building] WARN  o.a.m.s.f.DefaultMavenResourcesFiltering - Using platform encoding (UTF-8 actually) to copy filtered resources, i.e. build is platform dependent!
2025-04-09 16:59:22,518 [Worker-17: Building] INFO  o.a.m.s.f.DefaultMavenResourcesFiltering - skip non existing resourceDirectory /Users/sojeong0734/Desktop/SSAFY_SPRING/spring_ws_01_2-master/src/test/resources
2025-04-09 16:59:22,813 [Worker-17: Building] INFO  o.e.m.c.i.l.LifecycleMappingFactory - Using org.maven.ide.eclipse.wtp.WarLifecycleMapping lifecycle mapping for MavenProject: spring_ws_01_A:spring_ws_01_A:0.0.1-SNAPSHOT @ /Users/sojeong0734/Desktop/SSAFY_SPRING/spring_ws_01_a-master/pom.xml.
2025-04-09 16:59:23,474 [Worker-17: Building] WARN  o.a.m.s.f.DefaultMavenResourcesFiltering - Using platform encoding (UTF-8 actually) to copy filtered resources, i.e. build is platform dependent!
2025-04-09 16:59:23,475 [Worker-17: Building] INFO  o.a.m.s.f.DefaultMavenResourcesFiltering - Copying 1 resource from src/main/resources to target/classes
2025-04-09 16:59:23,476 [Worker-17: Building] WARN  o.a.m.s.f.DefaultMavenResourcesFiltering - Using platform encoding (UTF-8 actually) to copy filtered resources, i.e. build is platform dependent!
2025-04-09 16:59:23,477 [Worker-17: Building] INFO  o.a.m.s.f.DefaultMavenResourcesFiltering - skip non existing resourceDirectory /Users/sojeong0734/Desktop/SSAFY_SPRING/spring_ws_01_a-master/src/test/resources
2025-04-09 16:59:23,711 [Worker-2: Building] WARN  o.a.m.s.f.DefaultMavenResourcesFiltering - Using platform encoding (UTF-8 actually) to copy filtered resources, i.e. build is platform dependent!
2025-04-09 16:59:23,712 [Worker-2: Building] INFO  o.a.m.s.f.DefaultMavenResourcesFiltering - skip non existing resourceDirectory /Users/sojeong0734/Desktop/SSAFY_SPRING/spring_ws_01_2-master/src/main/resources
2025-04-09 16:59:23,713 [Worker-2: Building] WARN  o.a.m.s.f.DefaultMavenResourcesFiltering - Using platform encoding (UTF-8 actually) to copy filtered resources, i.e. build is platform dependent!
2025-04-09 16:59:23,713 [Worker-2: Building] INFO  o.a.m.s.f.DefaultMavenResourcesFiltering - skip non existing resourceDirectory /Users/sojeong0734/Desktop/SSAFY_SPRING/spring_ws_01_2-master/src/test/resources
2025-04-09 16:59:23,750 [Worker-2: Building] WARN  o.a.m.s.f.DefaultMavenResourcesFiltering - Using platform encoding (UTF-8 actually) to copy filtered resources, i.e. build is platform dependent!
2025-04-09 16:59:23,751 [Worker-2: Building] INFO  o.a.m.s.f.DefaultMavenResourcesFiltering - Copying 1 resource from src/main/resources to target/classes
2025-04-09 16:59:23,754 [Worker-2: Building] WARN  o.a.m.s.f.DefaultMavenResourcesFiltering - Using platform encoding (UTF-8 actually) to copy filtered resources, i.e. build is platform dependent!
2025-04-09 16:59:23,754 [Worker-2: Building] INFO  o.a.m.s.f.DefaultMavenResourcesFiltering - skip non existing resourceDirectory /Users/sojeong0734/Desktop/SSAFY_SPRING/spring_ws_01_a-master/src/test/resources
2025-04-09 16:59:23,812 [Worker-2: Building] INFO  o.e.m.c.i.l.LifecycleMappingFactory - Using org.maven.ide.eclipse.wtp.WarLifecycleMapping lifecycle mapping for MavenProject: spring_ws_01_B:spring_ws_01_B:0.0.1-SNAPSHOT @ /Users/sojeong0734/Desktop/SSAFY_SPRING/spring_ws_01_b-master/pom.xml.
2025-04-09 16:59:23,844 [Worker-2: Building] WARN  o.a.m.s.f.DefaultMavenResourcesFiltering - Using platform encoding (UTF-8 actually) to copy filtered resources, i.e. build is platform dependent!
2025-04-09 16:59:23,844 [Worker-2: Building] INFO  o.a.m.s.f.DefaultMavenResourcesFiltering - skip non existing resourceDirectory /Users/sojeong0734/Desktop/SSAFY_SPRING/spring_ws_01_b-master/src/main/resources
2025-04-09 16:59:23,846 [Worker-2: Building] WARN  o.a.m.s.f.DefaultMavenResourcesFiltering - Using platform encoding (UTF-8 actually) to copy filtered resources, i.e. build is platform dependent!
2025-04-09 16:59:23,847 [Worker-2: Building] INFO  o.a.m.s.f.DefaultMavenResourcesFiltering - skip non existing resourceDirectory /Users/sojeong0734/Desktop/SSAFY_SPRING/spring_ws_01_b-master/src/test/resources
2025-04-09 16:59:23,911 [Worker-2: Building] INFO  o.e.m.c.i.l.LifecycleMappingFactory - Using org.maven.ide.eclipse.wtp.WarLifecycleMapping lifecycle mapping for MavenProject: spring_ws_01_C:spring_ws_01_C:0.0.1-SNAPSHOT @ /Users/sojeong0734/Desktop/SSAFY_SPRING/spring_ws_01_c-master/spring_ws_01_c-master/pom.xml.
2025-04-09 16:59:24,198 [Worker-2: Building] WARN  o.a.m.s.f.DefaultMavenResourcesFiltering - Using platform encoding (UTF-8 actually) to copy filtered resources, i.e. build is platform dependent!
2025-04-09 16:59:24,198 [Worker-2: Building] INFO  o.a.m.s.f.DefaultMavenResourcesFiltering - Copying 1 resource from src/main/resources to target/classes
2025-04-09 16:59:24,200 [Worker-2: Building] WARN  o.a.m.s.f.DefaultMavenResourcesFiltering - Using platform encoding (UTF-8 actually) to copy filtered resources, i.e. build is platform dependent!
2025-04-09 16:59:24,201 [Worker-2: Building] INFO  o.a.m.s.f.DefaultMavenResourcesFiltering - skip non existing resourceDirectory /Users/sojeong0734/Desktop/SSAFY_SPRING/spring_ws_01_c-master/spring_ws_01_c-master/src/test/resources
2025-04-09 16:59:24,415 [Worker-18: Building] WARN  o.a.m.s.f.DefaultMavenResourcesFiltering - Using platform encoding (UTF-8 actually) to copy filtered resources, i.e. build is platform dependent!
2025-04-09 16:59:24,416 [Worker-18: Building] INFO  o.a.m.s.f.DefaultMavenResourcesFiltering - Copying 1 resource from src/main/resources to target/classes
2025-04-09 16:59:24,419 [Worker-18: Building] WARN  o.a.m.s.f.DefaultMavenResourcesFiltering - Using platform encoding (UTF-8 actually) to copy filtered resources, i.e. build is platform dependent!
2025-04-09 16:59:24,420 [Worker-18: Building] INFO  o.a.m.s.f.DefaultMavenResourcesFiltering - skip non existing resourceDirectory /Users/sojeong0734/Desktop/SSAFY_SPRING/spring_ws_01_c-master/spring_ws_01_c-master/src/test/resources
2025-04-09 16:59:24,469 [Worker-18: Building] INFO  o.e.m.c.i.l.LifecycleMappingFactory - Using org.eclipse.m2e.jdt.JarLifecycleMapping lifecycle mapping for MavenProject: spring_ws_02_1_P:spring_ws_02_1_P:0.0.1-SNAPSHOT @ /Users/sojeong0734/Desktop/SSAFY_SPRING/spring_ws_02_1-master/pom.xml.
2025-04-09 16:59:24,493 [Worker-18: Building] WARN  o.a.m.s.f.DefaultMavenResourcesFiltering - Using platform encoding (UTF-8 actually) to copy filtered resources, i.e. build is platform dependent!
2025-04-09 16:59:24,493 [Worker-18: Building] INFO  o.a.m.s.f.DefaultMavenResourcesFiltering - Copying 1 resource from src/main/resources to target/classes
2025-04-09 16:59:24,495 [Worker-18: Building] WARN  o.a.m.s.f.DefaultMavenResourcesFiltering - Using platform encoding (UTF-8 actually) to copy filtered resources, i.e. build is platform dependent!
2025-04-09 16:59:24,496 [Worker-18: Building] INFO  o.a.m.s.f.DefaultMavenResourcesFiltering - skip non existing resourceDirectory /Users/sojeong0734/Desktop/SSAFY_SPRING/spring_ws_02_1-master/src/test/resources
2025-04-09 16:59:24,545 [Worker-18: Building] INFO  o.e.m.c.i.l.LifecycleMappingFactory - Using org.eclipse.m2e.jdt.JarLifecycleMapping lifecycle mapping for MavenProject: spring_ws_02_2_P:spring_ws_02_2_P:0.0.1-SNAPSHOT @ /Users/sojeong0734/Desktop/SSAFY_SPRING/spring_ws_02_2-master/pom.xml.
2025-04-09 16:59:24,569 [Worker-18: Building] WARN  o.a.m.s.f.DefaultMavenResourcesFiltering - Using platform encoding (UTF-8 actually) to copy filtered resources, i.e. build is platform dependent!
2025-04-09 16:59:24,570 [Worker-18: Building] INFO  o.a.m.s.f.DefaultMavenResourcesFiltering - Copying 1 resource from src/main/resources to target/classes
2025-04-09 16:59:24,572 [Worker-18: Building] WARN  o.a.m.s.f.DefaultMavenResourcesFiltering - Using platform encoding (UTF-8 actually) to copy filtered resources, i.e. build is platform dependent!
2025-04-09 16:59:24,572 [Worker-18: Building] INFO  o.a.m.s.f.DefaultMavenResourcesFiltering - skip non existing resourceDirectory /Users/sojeong0734/Desktop/SSAFY_SPRING/spring_ws_02_2-master/src/test/resources
2025-04-09 16:59:24,609 [Worker-18: Building] INFO  o.e.m.c.i.l.LifecycleMappingFactory - Using org.maven.ide.eclipse.wtp.WarLifecycleMapping lifecycle mapping for MavenProject: spring_ws_02_A:spring_ws_02_A:0.0.1-SNAPSHOT @ /Users/sojeong0734/Desktop/SSAFY_SPRING/spring_ws_02_a-master/pom.xml.
2025-04-09 16:59:24,647 [Worker-18: Building] WARN  o.a.m.s.f.DefaultMavenResourcesFiltering - Using platform encoding (UTF-8 actually) to copy filtered resources, i.e. build is platform dependent!
2025-04-09 16:59:24,648 [Worker-18: Building] INFO  o.a.m.s.f.DefaultMavenResourcesFiltering - Copying 1 resource from src/main/resources to target/classes
2025-04-09 16:59:24,649 [Worker-18: Building] WARN  o.a.m.s.f.DefaultMavenResourcesFiltering - Using platform encoding (UTF-8 actually) to copy filtered resources, i.e. build is platform dependent!
2025-04-09 16:59:24,649 [Worker-18: Building] INFO  o.a.m.s.f.DefaultMavenResourcesFiltering - skip non existing resourceDirectory /Users/sojeong0734/Desktop/SSAFY_SPRING/spring_ws_02_a-master/src/test/resources
2025-04-09 16:59:24,976 [Worker-11: Building] WARN  o.a.m.s.f.DefaultMavenResourcesFiltering - Using platform encoding (UTF-8 actually) to copy filtered resources, i.e. build is platform dependent!
2025-04-09 16:59:24,977 [Worker-11: Building] INFO  o.a.m.s.f.DefaultMavenResourcesFiltering - Copying 1 resource from src/main/resources to target/classes
2025-04-09 16:59:24,978 [Worker-11: Building] WARN  o.a.m.s.f.DefaultMavenResourcesFiltering - Using platform encoding (UTF-8 actually) to copy filtered resources, i.e. build is platform dependent!
2025-04-09 16:59:24,978 [Worker-11: Building] INFO  o.a.m.s.f.DefaultMavenResourcesFiltering - skip non existing resourceDirectory /Users/sojeong0734/Desktop/SSAFY_SPRING/spring_ws_02_1-master/src/test/resources
2025-04-09 16:59:25,009 [Worker-11: Building] WARN  o.a.m.s.f.DefaultMavenResourcesFiltering - Using platform encoding (UTF-8 actually) to copy filtered resources, i.e. build is platform dependent!
2025-04-09 16:59:25,010 [Worker-11: Building] INFO  o.a.m.s.f.DefaultMavenResourcesFiltering - Copying 1 resource from src/main/resources to target/classes
2025-04-09 16:59:25,011 [Worker-11: Building] WARN  o.a.m.s.f.DefaultMavenResourcesFiltering - Using platform encoding (UTF-8 actually) to copy filtered resources, i.e. build is platform dependent!
2025-04-09 16:59:25,012 [Worker-11: Building] INFO  o.a.m.s.f.DefaultMavenResourcesFiltering - skip non existing resourceDirectory /Users/sojeong0734/Desktop/SSAFY_SPRING/spring_ws_02_2-master/src/test/resources
2025-04-09 16:59:25,042 [Worker-11: Building] WARN  o.a.m.s.f.DefaultMavenResourcesFiltering - Using platform encoding (UTF-8 actually) to copy filtered resources, i.e. build is platform dependent!
2025-04-09 16:59:25,043 [Worker-11: Building] INFO  o.a.m.s.f.DefaultMavenResourcesFiltering - Copying 1 resource from src/main/resources to target/classes
2025-04-09 16:59:25,044 [Worker-11: Building] WARN  o.a.m.s.f.DefaultMavenResourcesFiltering - Using platform encoding (UTF-8 actually) to copy filtered resources, i.e. build is platform dependent!
2025-04-09 16:59:25,044 [Worker-11: Building] INFO  o.a.m.s.f.DefaultMavenResourcesFiltering - skip non existing resourceDirectory /Users/sojeong0734/Desktop/SSAFY_SPRING/spring_ws_02_a-master/src/test/resources
2025-04-09 16:59:25,093 [Worker-11: Building] INFO  o.e.m.c.i.l.LifecycleMappingFactory - Using org.maven.ide.eclipse.wtp.WarLifecycleMapping lifecycle mapping for MavenProject: spring_ws_02_B:spring_ws_02_B:0.0.1-SNAPSHOT @ /Users/sojeong0734/Desktop/SSAFY_SPRING/spring_ws_02_b-master/pom.xml.
2025-04-09 16:59:25,131 [Worker-11: Building] WARN  o.a.m.s.f.DefaultMavenResourcesFiltering - Using platform encoding (UTF-8 actually) to copy filtered resources, i.e. build is platform dependent!
2025-04-09 16:59:25,131 [Worker-11: Building] INFO  o.a.m.s.f.DefaultMavenResourcesFiltering - skip non existing resourceDirectory /Users/sojeong0734/Desktop/SSAFY_SPRING/spring_ws_02_b-master/src/main/resources
2025-04-09 16:59:25,132 [Worker-11: Building] WARN  o.a.m.s.f.DefaultMavenResourcesFiltering - Using platform encoding (UTF-8 actually) to copy filtered resources, i.e. build is platform dependent!
2025-04-09 16:59:25,132 [Worker-11: Building] INFO  o.a.m.s.f.DefaultMavenResourcesFiltering - skip non existing resourceDirectory /Users/sojeong0734/Desktop/SSAFY_SPRING/spring_ws_02_b-master/src/test/resources
2025-04-09 16:59:25,180 [Worker-11: Building] INFO  o.e.m.c.i.l.LifecycleMappingFactory - Using org.maven.ide.eclipse.wtp.WarLifecycleMapping lifecycle mapping for MavenProject: spring_ws_02_C:spring_ws_02_C:0.0.1-SNAPSHOT @ /Users/sojeong0734/Desktop/SSAFY_SPRING/spring_ws_02_c-master/pom.xml.
2025-04-09 16:59:25,205 [Worker-11: Building] WARN  o.a.m.s.f.DefaultMavenResourcesFiltering - Using platform encoding (UTF-8 actually) to copy filtered resources, i.e. build is platform dependent!
2025-04-09 16:59:25,206 [Worker-11: Building] INFO  o.a.m.s.f.DefaultMavenResourcesFiltering - skip non existing resourceDirectory /Users/sojeong0734/Desktop/SSAFY_SPRING/spring_ws_02_c-master/src/main/resources
2025-04-09 16:59:25,206 [Worker-11: Building] WARN  o.a.m.s.f.DefaultMavenResourcesFiltering - Using platform encoding (UTF-8 actually) to copy filtered resources, i.e. build is platform dependent!
2025-04-09 16:59:25,207 [Worker-11: Building] INFO  o.a.m.s.f.DefaultMavenResourcesFiltering - skip non existing resourceDirectory /Users/sojeong0734/Desktop/SSAFY_SPRING/spring_ws_02_c-master/src/test/resources
2025-04-09 16:59:25,296 [Worker-11: Building] INFO  o.e.m.c.i.l.LifecycleMappingFactory - Using org.maven.ide.eclipse.wtp.WarLifecycleMapping lifecycle mapping for MavenProject: spring_ws_03_A:spring_ws_03_A:0.0.1-SNAPSHOT @ /Users/sojeong0734/Desktop/SSAFY_SPRING/spring_ws_03_a-master/pom.xml.
2025-04-09 16:59:25,347 [Worker-11: Building] WARN  o.e.m.c.i.embedder.EclipseLogger - The artifact org.slf4j:slf4j-log4j12:jar:2.0.12 has been relocated to org.slf4j:slf4j-reload4j:jar:2.0.12
2025-04-09 16:59:25,354 [Worker-11: Building] WARN  o.e.m.c.i.embedder.EclipseLogger - The artifact org.slf4j:slf4j-log4j12:jar:2.0.12 has been relocated to org.slf4j:slf4j-reload4j:jar:2.0.12
2025-04-09 16:59:25,404 [Worker-11: Building] WARN  o.a.m.s.f.DefaultMavenResourcesFiltering - Using platform encoding (UTF-8 actually) to copy filtered resources, i.e. build is platform dependent!
2025-04-09 16:59:25,404 [Worker-11: Building] INFO  o.a.m.s.f.DefaultMavenResourcesFiltering - skip non existing resourceDirectory /Users/sojeong0734/Desktop/SSAFY_SPRING/spring_ws_03_a-master/src/main/resources
2025-04-09 16:59:25,405 [Worker-11: Building] WARN  o.a.m.s.f.DefaultMavenResourcesFiltering - Using platform encoding (UTF-8 actually) to copy filtered resources, i.e. build is platform dependent!
2025-04-09 16:59:25,405 [Worker-11: Building] INFO  o.a.m.s.f.DefaultMavenResourcesFiltering - skip non existing resourceDirectory /Users/sojeong0734/Desktop/SSAFY_SPRING/spring_ws_03_a-master/src/test/resources
2025-04-09 16:59:25,700 [Worker-8: Building] INFO  o.e.m.c.i.l.LifecycleMappingFactory - Using org.maven.ide.eclipse.wtp.WarLifecycleMapping lifecycle mapping for MavenProject: spring_ws_03_B:spring_ws_03_B:0.0.1-SNAPSHOT @ /Users/sojeong0734/Desktop/SSAFY_SPRING/spring_ws_03_b-master/pom.xml.
2025-04-09 16:59:25,740 [Worker-8: Building] WARN  o.e.m.c.i.embedder.EclipseLogger - The artifact org.slf4j:slf4j-log4j12:jar:2.0.12 has been relocated to org.slf4j:slf4j-reload4j:jar:2.0.12
2025-04-09 16:59:25,746 [Worker-8: Building] WARN  o.e.m.c.i.embedder.EclipseLogger - The artifact org.slf4j:slf4j-log4j12:jar:2.0.12 has been relocated to org.slf4j:slf4j-reload4j:jar:2.0.12
2025-04-09 16:59:25,771 [Worker-8: Building] WARN  o.a.m.s.f.DefaultMavenResourcesFiltering - Using platform encoding (UTF-8 actually) to copy filtered resources, i.e. build is platform dependent!
2025-04-09 16:59:25,772 [Worker-8: Building] INFO  o.a.m.s.f.DefaultMavenResourcesFiltering - skip non existing resourceDirectory /Users/sojeong0734/Desktop/SSAFY_SPRING/spring_ws_03_b-master/src/main/resources
2025-04-09 16:59:25,773 [Worker-8: Building] WARN  o.a.m.s.f.DefaultMavenResourcesFiltering - Using platform encoding (UTF-8 actually) to copy filtered resources, i.e. build is platform dependent!
2025-04-09 16:59:25,773 [Worker-8: Building] INFO  o.a.m.s.f.DefaultMavenResourcesFiltering - skip non existing resourceDirectory /Users/sojeong0734/Desktop/SSAFY_SPRING/spring_ws_03_b-master/src/test/resources
2025-04-09 16:59:25,832 [Worker-8: Building] INFO  o.e.m.c.i.l.LifecycleMappingFactory - Using org.maven.ide.eclipse.wtp.WarLifecycleMapping lifecycle mapping for MavenProject: spring_ws_03_C:spring_ws_03_C:0.0.1-SNAPSHOT @ /Users/sojeong0734/Desktop/SSAFY_SPRING/spring_ws_03_c-master/pom.xml.
2025-04-09 16:59:25,870 [Worker-8: Building] WARN  o.e.m.c.i.embedder.EclipseLogger - The artifact org.slf4j:slf4j-log4j12:jar:2.0.12 has been relocated to org.slf4j:slf4j-reload4j:jar:2.0.12
2025-04-09 16:59:25,875 [Worker-8: Building] WARN  o.e.m.c.i.embedder.EclipseLogger - The artifact org.slf4j:slf4j-log4j12:jar:2.0.12 has been relocated to org.slf4j:slf4j-reload4j:jar:2.0.12
2025-04-09 16:59:25,899 [Worker-8: Building] WARN  o.a.m.s.f.DefaultMavenResourcesFiltering - Using platform encoding (UTF-8 actually) to copy filtered resources, i.e. build is platform dependent!
2025-04-09 16:59:25,899 [Worker-8: Building] INFO  o.a.m.s.f.DefaultMavenResourcesFiltering - skip non existing resourceDirectory /Users/sojeong0734/Desktop/SSAFY_SPRING/spring_ws_03_c-master/src/main/resources
2025-04-09 16:59:25,900 [Worker-8: Building] WARN  o.a.m.s.f.DefaultMavenResourcesFiltering - Using platform encoding (UTF-8 actually) to copy filtered resources, i.e. build is platform dependent!
2025-04-09 16:59:25,900 [Worker-8: Building] INFO  o.a.m.s.f.DefaultMavenResourcesFiltering - skip non existing resourceDirectory /Users/sojeong0734/Desktop/SSAFY_SPRING/spring_ws_03_c-master/src/test/resources
2025-04-09 17:04:27,507 [Worker-26: Building] WARN  o.e.m.c.i.embedder.EclipseLogger - The POM for jakarta.servlet.jsp.jstl:jakarta.servlet.jsp.jstl-api:jar:3.0.0-RC1 is missing, no dependency information available
2025-04-09 17:04:27,525 [Worker-26: Building] WARN  o.e.m.c.i.embedder.EclipseLogger - The POM for jakarta.servlet.jsp.jstl:jakarta.servlet.jsp.jstl-api:jar:3.0.0-RC1 is missing, no dependency information available
2025-04-09 17:04:27,534 [Worker-26: Building] WARN  o.e.m.c.i.embedder.EclipseLogger - The POM for jakarta.servlet.jsp.jstl:jakarta.servlet.jsp.jstl-api:jar:3.0.0-RC1 is missing, no dependency information available
2025-04-09 17:04:27,542 [Worker-26: Building] WARN  o.e.m.c.i.embedder.EclipseLogger - The POM for jakarta.servlet.jsp.jstl:jakarta.servlet.jsp.jstl-api:jar:3.0.0-RC1 is missing, no dependency information available
2025-04-09 18:01:10,432 [Worker-25: Building] ERROR o.e.m.c.i.p.r.ProjectRegistryManager - File not found: /Users/sojeong0734/Desktop/SSAFY_SPRING/MVC_03day1/pom.xml.
org.eclipse.core.internal.resources.ResourceException: File not found: /Users/sojeong0734/Desktop/SSAFY_SPRING/MVC_03day1/pom.xml.
	at org.eclipse.core.internal.localstore.FileSystemResourceManager.read(FileSystemResourceManager.java:886)
	at org.eclipse.core.internal.resources.File.getContents(File.java:352)
	at org.eclipse.core.internal.resources.File.getContents(File.java:342)
	at org.eclipse.m2e.core.internal.project.registry.ProjectRegistryManager.refreshPhase2(ProjectRegistryManager.java:589)
	at org.eclipse.m2e.core.internal.project.registry.ProjectRegistryManager.refresh(ProjectRegistryManager.java:491)
	at org.eclipse.m2e.core.internal.project.registry.ProjectRegistryManager.refresh(ProjectRegistryManager.java:370)
	at org.eclipse.m2e.core.internal.project.registry.ProjectRegistryManager.refresh(ProjectRegistryManager.java:322)
	at org.eclipse.m2e.core.internal.builder.MavenBuilder$BuildMethod.getProjectFacade(MavenBuilder.java:146)
	at org.eclipse.m2e.core.internal.builder.MavenBuilder$BuildMethod.lambda$0(MavenBuilder.java:84)
	at org.eclipse.m2e.core.internal.embedder.MavenExecutionContext.executeBare(MavenExecutionContext.java:458)
	at org.eclipse.m2e.core.internal.embedder.MavenExecutionContext.execute(MavenExecutionContext.java:339)
	at org.eclipse.m2e.core.internal.embedder.MavenExecutionContext.execute(MavenExecutionContext.java:278)
	at org.eclipse.m2e.core.internal.builder.MavenBuilder$BuildMethod.execute(MavenBuilder.java:83)
	at org.eclipse.m2e.core.internal.builder.MavenBuilder.build(MavenBuilder.java:192)
	at org.eclipse.core.internal.events.BuildManager$2.run(BuildManager.java:1077)
	at org.eclipse.core.runtime.SafeRunner.run(SafeRunner.java:47)
	at org.eclipse.core.internal.events.BuildManager.basicBuild(BuildManager.java:296)
	at org.eclipse.core.internal.events.BuildManager.basicBuild(BuildManager.java:352)
	at org.eclipse.core.internal.events.BuildManager$1.run(BuildManager.java:441)
	at org.eclipse.core.runtime.SafeRunner.run(SafeRunner.java:47)
	at org.eclipse.core.internal.events.BuildManager.basicBuild(BuildManager.java:444)
	at org.eclipse.core.internal.events.BuildManager.basicBuildLoop(BuildManager.java:555)
	at org.eclipse.core.internal.events.BuildManager.basicBuildLoop(BuildManager.java:503)
	at org.eclipse.core.internal.events.BuildManager.build(BuildManager.java:585)
	at org.eclipse.core.internal.events.AutoBuildJob.doBuild(AutoBuildJob.java:207)
	at org.eclipse.core.internal.events.AutoBuildJob.run(AutoBuildJob.java:300)
	at org.eclipse.core.internal.jobs.Worker.run(Worker.java:63)
Caused by: org.eclipse.core.runtime.CoreException: File not found: /Users/sojeong0734/Desktop/SSAFY_SPRING/MVC_03day1/pom.xml.
	at org.eclipse.core.internal.filesystem.Policy.error(Policy.java:32)
	at org.eclipse.core.internal.filesystem.local.LocalFile.handleReadIOException(LocalFile.java:542)
	at org.eclipse.core.internal.filesystem.local.LocalFile.openInputStream(LocalFile.java:523)
	at org.eclipse.core.internal.localstore.FileSystemResourceManager.read(FileSystemResourceManager.java:881)
	... 26 common frames omitted
Caused by: java.io.FileNotFoundException: /Users/sojeong0734/Desktop/SSAFY_SPRING/MVC_03day1/pom.xml (No such file or directory)
	at java.base/java.io.FileInputStream.open0(Native Method)
	at java.base/java.io.FileInputStream.open(FileInputStream.java:213)
	at java.base/java.io.FileInputStream.<init>(FileInputStream.java:152)
	at org.eclipse.core.internal.filesystem.local.LocalFile.openInputStream(LocalFile.java:521)
	... 27 common frames omitted
2025-04-09 18:01:10,592 [Worker-30: Building] ERROR o.e.m.c.i.p.r.ProjectRegistryManager - File not found: /Users/sojeong0734/Desktop/SSAFY_SPRING/MVC_03day1/pom.xml.
org.eclipse.core.internal.resources.ResourceException: File not found: /Users/sojeong0734/Desktop/SSAFY_SPRING/MVC_03day1/pom.xml.
	at org.eclipse.core.internal.localstore.FileSystemResourceManager.read(FileSystemResourceManager.java:886)
	at org.eclipse.core.internal.resources.File.getContents(File.java:352)
	at org.eclipse.core.internal.resources.File.getContents(File.java:342)
	at org.eclipse.m2e.core.internal.project.registry.ProjectRegistryManager.refreshPhase2(ProjectRegistryManager.java:589)
	at org.eclipse.m2e.core.internal.project.registry.ProjectRegistryManager.refresh(ProjectRegistryManager.java:491)
	at org.eclipse.m2e.core.internal.project.registry.ProjectRegistryManager.refresh(ProjectRegistryManager.java:370)
	at org.eclipse.m2e.core.internal.project.registry.ProjectRegistryManager.refresh(ProjectRegistryManager.java:322)
	at org.eclipse.m2e.core.internal.builder.MavenBuilder$BuildMethod.getProjectFacade(MavenBuilder.java:146)
	at org.eclipse.m2e.core.internal.builder.MavenBuilder$BuildMethod.lambda$0(MavenBuilder.java:84)
	at org.eclipse.m2e.core.internal.embedder.MavenExecutionContext.executeBare(MavenExecutionContext.java:458)
	at org.eclipse.m2e.core.internal.embedder.MavenExecutionContext.execute(MavenExecutionContext.java:339)
	at org.eclipse.m2e.core.internal.embedder.MavenExecutionContext.execute(MavenExecutionContext.java:278)
	at org.eclipse.m2e.core.internal.builder.MavenBuilder$BuildMethod.execute(MavenBuilder.java:83)
	at org.eclipse.m2e.core.internal.builder.MavenBuilder.build(MavenBuilder.java:192)
	at org.eclipse.core.internal.events.BuildManager$2.run(BuildManager.java:1077)
	at org.eclipse.core.runtime.SafeRunner.run(SafeRunner.java:47)
	at org.eclipse.core.internal.events.BuildManager.basicBuild(BuildManager.java:296)
	at org.eclipse.core.internal.events.BuildManager.basicBuild(BuildManager.java:352)
	at org.eclipse.core.internal.events.BuildManager$1.run(BuildManager.java:441)
	at org.eclipse.core.runtime.SafeRunner.run(SafeRunner.java:47)
	at org.eclipse.core.internal.events.BuildManager.basicBuild(BuildManager.java:444)
	at org.eclipse.core.internal.events.BuildManager.basicBuildLoop(BuildManager.java:555)
	at org.eclipse.core.internal.events.BuildManager.basicBuildLoop(BuildManager.java:503)
	at org.eclipse.core.internal.events.BuildManager.build(BuildManager.java:585)
	at org.eclipse.core.internal.events.AutoBuildJob.doBuild(AutoBuildJob.java:207)
	at org.eclipse.core.internal.events.AutoBuildJob.run(AutoBuildJob.java:300)
	at org.eclipse.core.internal.jobs.Worker.run(Worker.java:63)
Caused by: org.eclipse.core.runtime.CoreException: File not found: /Users/sojeong0734/Desktop/SSAFY_SPRING/MVC_03day1/pom.xml.
	at org.eclipse.core.internal.filesystem.Policy.error(Policy.java:32)
	at org.eclipse.core.internal.filesystem.local.LocalFile.handleReadIOException(LocalFile.java:542)
	at org.eclipse.core.internal.filesystem.local.LocalFile.openInputStream(LocalFile.java:523)
	at org.eclipse.core.internal.localstore.FileSystemResourceManager.read(FileSystemResourceManager.java:881)
	... 26 common frames omitted
Caused by: java.io.FileNotFoundException: /Users/sojeong0734/Desktop/SSAFY_SPRING/MVC_03day1/pom.xml (No such file or directory)
	at java.base/java.io.FileInputStream.open0(Native Method)
	at java.base/java.io.FileInputStream.open(FileInputStream.java:213)
	at java.base/java.io.FileInputStream.<init>(FileInputStream.java:152)
	at org.eclipse.core.internal.filesystem.local.LocalFile.openInputStream(LocalFile.java:521)
	... 27 common frames omitted
2025-04-09 18:01:11,730 [Worker-30: Building] ERROR o.e.m.c.i.p.r.ProjectRegistryManager - File not found: /Users/sojeong0734/Desktop/SSAFY_SPRING/spring_ws_03_b-master/pom.xml.
org.eclipse.core.internal.resources.ResourceException: File not found: /Users/sojeong0734/Desktop/SSAFY_SPRING/spring_ws_03_b-master/pom.xml.
	at org.eclipse.core.internal.localstore.FileSystemResourceManager.read(FileSystemResourceManager.java:886)
	at org.eclipse.core.internal.resources.File.getContents(File.java:352)
	at org.eclipse.core.internal.resources.File.getContents(File.java:342)
	at org.eclipse.m2e.core.internal.project.registry.ProjectRegistryManager.refreshPhase2(ProjectRegistryManager.java:589)
	at org.eclipse.m2e.core.internal.project.registry.ProjectRegistryManager.refresh(ProjectRegistryManager.java:491)
	at org.eclipse.m2e.core.internal.project.registry.ProjectRegistryManager.refresh(ProjectRegistryManager.java:370)
	at org.eclipse.m2e.core.internal.project.registry.ProjectRegistryManager.refresh(ProjectRegistryManager.java:322)
	at org.eclipse.m2e.core.internal.builder.MavenBuilder$BuildMethod.getProjectFacade(MavenBuilder.java:146)
	at org.eclipse.m2e.core.internal.builder.MavenBuilder$BuildMethod.lambda$0(MavenBuilder.java:84)
	at org.eclipse.m2e.core.internal.embedder.MavenExecutionContext.executeBare(MavenExecutionContext.java:458)
	at org.eclipse.m2e.core.internal.embedder.MavenExecutionContext.execute(MavenExecutionContext.java:339)
	at org.eclipse.m2e.core.internal.embedder.MavenExecutionContext.execute(MavenExecutionContext.java:278)
	at org.eclipse.m2e.core.internal.builder.MavenBuilder$BuildMethod.execute(MavenBuilder.java:83)
	at org.eclipse.m2e.core.internal.builder.MavenBuilder.build(MavenBuilder.java:192)
	at org.eclipse.core.internal.events.BuildManager$2.run(BuildManager.java:1077)
	at org.eclipse.core.runtime.SafeRunner.run(SafeRunner.java:47)
	at org.eclipse.core.internal.events.BuildManager.basicBuild(BuildManager.java:296)
	at org.eclipse.core.internal.events.BuildManager.basicBuild(BuildManager.java:352)
	at org.eclipse.core.internal.events.BuildManager$1.run(BuildManager.java:441)
	at org.eclipse.core.runtime.SafeRunner.run(SafeRunner.java:47)
	at org.eclipse.core.internal.events.BuildManager.basicBuild(BuildManager.java:444)
	at org.eclipse.core.internal.events.BuildManager.basicBuildLoop(BuildManager.java:555)
	at org.eclipse.core.internal.events.BuildManager.basicBuildLoop(BuildManager.java:503)
	at org.eclipse.core.internal.events.BuildManager.build(BuildManager.java:585)
	at org.eclipse.core.internal.events.AutoBuildJob.doBuild(AutoBuildJob.java:207)
	at org.eclipse.core.internal.events.AutoBuildJob.run(AutoBuildJob.java:300)
	at org.eclipse.core.internal.jobs.Worker.run(Worker.java:63)
Caused by: org.eclipse.core.runtime.CoreException: File not found: /Users/sojeong0734/Desktop/SSAFY_SPRING/spring_ws_03_b-master/pom.xml.
	at org.eclipse.core.internal.filesystem.Policy.error(Policy.java:32)
	at org.eclipse.core.internal.filesystem.local.LocalFile.handleReadIOException(LocalFile.java:542)
	at org.eclipse.core.internal.filesystem.local.LocalFile.openInputStream(LocalFile.java:523)
	at org.eclipse.core.internal.localstore.FileSystemResourceManager.read(FileSystemResourceManager.java:881)
	... 26 common frames omitted
Caused by: java.io.FileNotFoundException: /Users/sojeong0734/Desktop/SSAFY_SPRING/spring_ws_03_b-master/pom.xml (No such file or directory)
	at java.base/java.io.FileInputStream.open0(Native Method)
	at java.base/java.io.FileInputStream.open(FileInputStream.java:213)
	at java.base/java.io.FileInputStream.<init>(FileInputStream.java:152)
	at org.eclipse.core.internal.filesystem.local.LocalFile.openInputStream(LocalFile.java:521)
	... 27 common frames omitted
2025-04-09 18:01:11,861 [Worker-38: Building] ERROR o.e.m.c.i.p.r.ProjectRegistryManager - File not found: /Users/sojeong0734/Desktop/SSAFY_SPRING/spring_ws_03_b-master/pom.xml.
org.eclipse.core.internal.resources.ResourceException: File not found: /Users/sojeong0734/Desktop/SSAFY_SPRING/spring_ws_03_b-master/pom.xml.
	at org.eclipse.core.internal.localstore.FileSystemResourceManager.read(FileSystemResourceManager.java:886)
	at org.eclipse.core.internal.resources.File.getContents(File.java:352)
	at org.eclipse.core.internal.resources.File.getContents(File.java:342)
	at org.eclipse.m2e.core.internal.project.registry.ProjectRegistryManager.refreshPhase2(ProjectRegistryManager.java:589)
	at org.eclipse.m2e.core.internal.project.registry.ProjectRegistryManager.refresh(ProjectRegistryManager.java:491)
	at org.eclipse.m2e.core.internal.project.registry.ProjectRegistryManager.refresh(ProjectRegistryManager.java:370)
	at org.eclipse.m2e.core.internal.project.registry.ProjectRegistryManager.refresh(ProjectRegistryManager.java:322)
	at org.eclipse.m2e.core.internal.builder.MavenBuilder$BuildMethod.getProjectFacade(MavenBuilder.java:146)
	at org.eclipse.m2e.core.internal.builder.MavenBuilder$BuildMethod.lambda$0(MavenBuilder.java:84)
	at org.eclipse.m2e.core.internal.embedder.MavenExecutionContext.executeBare(MavenExecutionContext.java:458)
	at org.eclipse.m2e.core.internal.embedder.MavenExecutionContext.execute(MavenExecutionContext.java:339)
	at org.eclipse.m2e.core.internal.embedder.MavenExecutionContext.execute(MavenExecutionContext.java:278)
	at org.eclipse.m2e.core.internal.builder.MavenBuilder$BuildMethod.execute(MavenBuilder.java:83)
	at org.eclipse.m2e.core.internal.builder.MavenBuilder.build(MavenBuilder.java:192)
	at org.eclipse.core.internal.events.BuildManager$2.run(BuildManager.java:1077)
	at org.eclipse.core.runtime.SafeRunner.run(SafeRunner.java:47)
	at org.eclipse.core.internal.events.BuildManager.basicBuild(BuildManager.java:296)
	at org.eclipse.core.internal.events.BuildManager.basicBuild(BuildManager.java:352)
	at org.eclipse.core.internal.events.BuildManager$1.run(BuildManager.java:441)
	at org.eclipse.core.runtime.SafeRunner.run(SafeRunner.java:47)
	at org.eclipse.core.internal.events.BuildManager.basicBuild(BuildManager.java:444)
	at org.eclipse.core.internal.events.BuildManager.basicBuildLoop(BuildManager.java:555)
	at org.eclipse.core.internal.events.BuildManager.basicBuildLoop(BuildManager.java:503)
	at org.eclipse.core.internal.events.BuildManager.build(BuildManager.java:585)
	at org.eclipse.core.internal.events.AutoBuildJob.doBuild(AutoBuildJob.java:207)
	at org.eclipse.core.internal.events.AutoBuildJob.run(AutoBuildJob.java:300)
	at org.eclipse.core.internal.jobs.Worker.run(Worker.java:63)
Caused by: org.eclipse.core.runtime.CoreException: File not found: /Users/sojeong0734/Desktop/SSAFY_SPRING/spring_ws_03_b-master/pom.xml.
	at org.eclipse.core.internal.filesystem.Policy.error(Policy.java:32)
	at org.eclipse.core.internal.filesystem.local.LocalFile.handleReadIOException(LocalFile.java:542)
	at org.eclipse.core.internal.filesystem.local.LocalFile.openInputStream(LocalFile.java:523)
	at org.eclipse.core.internal.localstore.FileSystemResourceManager.read(FileSystemResourceManager.java:881)
	... 26 common frames omitted
Caused by: java.io.FileNotFoundException: /Users/sojeong0734/Desktop/SSAFY_SPRING/spring_ws_03_b-master/pom.xml (No such file or directory)
	at java.base/java.io.FileInputStream.open0(Native Method)
	at java.base/java.io.FileInputStream.open(FileInputStream.java:213)
	at java.base/java.io.FileInputStream.<init>(FileInputStream.java:152)
	at org.eclipse.core.internal.filesystem.local.LocalFile.openInputStream(LocalFile.java:521)
	... 27 common frames omitted
2025-04-09 21:17:45,658 [Worker-7: Loading available Gradle versions] INFO  o.e.b.c.i.u.g.PublishedGradleVersions - Gradle version information cache is up-to-date. Trying to read.
